/*C25*/SET SCHEMA PUBLIC
DISCONNECT
/*C26*/SET SCHEMA PUBLIC
ALTER SEQUENCE FIN_INT_SEQ INCREMENT BY 1
ALTER SEQUENCE PUBLIC.FIN_INT_SEQ RESTART WITH 67
ALTER SEQUENCE USER_SEQ INCREMENT BY 1
ALTER SEQUENCE PUBLIC.USER_SEQ RESTART WITH 174
ALTER SEQUENCE ACC_SEQ INCREMENT BY 1
ALTER SEQUENCE PUBLIC.ACC_SEQ RESTART WITH 60
ALTER SEQUENCE TRX_CAT_SEQ INCREMENT BY 1
ALTER SEQUENCE PUBLIC.TRX_CAT_SEQ RESTART WITH 60
ALTER SEQUENCE TRX_SEQ INCREMENT BY 1
ALTER SEQUENCE PUBLIC.TRX_SEQ RESTART WITH 60
ALTER SEQUENCE ACC_OWN_SEQ INCREMENT BY 1
ALTER SEQUENCE PUBLIC.ACC_OWN_SEQ RESTART WITH 190
ALTER SEQUENCE ACC_TYPE_SEQ INCREMENT BY 1
ALTER SEQUENCE PUBLIC.ACC_TYPE_SEQ RESTART WITH 9
/*C27*/SET SCHEMA PUBLIC
DISCONNECT
/*C28*/SET SCHEMA PUBLIC
ALTER SEQUENCE TRX_CAT_SEQ INCREMENT BY 1
ALTER SEQUENCE PUBLIC.TRX_CAT_SEQ RESTART WITH 61
ALTER SEQUENCE TRX_SEQ INCREMENT BY 1
ALTER SEQUENCE PUBLIC.TRX_SEQ RESTART WITH 61
ALTER SEQUENCE ACC_OWN_SEQ INCREMENT BY 1
ALTER SEQUENCE PUBLIC.ACC_OWN_SEQ RESTART WITH 191
ALTER SEQUENCE ACC_SEQ INCREMENT BY 1
ALTER SEQUENCE PUBLIC.ACC_SEQ RESTART WITH 61
ALTER SEQUENCE USER_SEQ INCREMENT BY 1
ALTER SEQUENCE PUBLIC.USER_SEQ RESTART WITH 175
ALTER SEQUENCE FIN_INT_SEQ INCREMENT BY 1
ALTER SEQUENCE PUBLIC.FIN_INT_SEQ RESTART WITH 68
ALTER SEQUENCE ACC_TYPE_SEQ INCREMENT BY 1
ALTER SEQUENCE PUBLIC.ACC_TYPE_SEQ RESTART WITH 10
/*C26*/DISCONNECT
/*C28*/DISCONNECT
